<?xml version="1.0" encoding="UTF-8" ?>
<testsuites id="2026-09-23" name="report_1" tests="2" failures="0" skipped="0" flaky="0" time="0.000">
	<testsuite id="0" name="package_authored_collision_test" package="tests/cargo" timestamp="2026-09-24T00:57:35" hostname="localhost" tests="2" failures="0" errors="0" skipped="0" flaky="0" time="0.097">
		<testcase name="test_collision_is_one_authored_box_not_the_mesh" classname="package_authored_collision_test" time="0.044">
		</testcase>
		<testcase name="test_visual_mesh_fits_inside_the_collider" classname="package_authored_collision_test" time="0.044">
		</testcase>
	</testsuite>
</testsuites>
