<?xml version="1.0" encoding="UTF-8" ?>
<testsuites id="2026-09-23" name="report_1" tests="2" failures="1" skipped="0" flaky="0" time="0.000">
	<testsuite id="0" name="package_authored_collision_test" package="tests/cargo" timestamp="2026-09-24T00:56:43" hostname="localhost" tests="2" failures="1" errors="0" skipped="0" flaky="0" time="0.024">
		<testcase name="test_collision_is_one_authored_box_not_the_mesh" classname="package_authored_collision_test" time="0.009">
			<failure message="FAILED: res://tests/cargo/package_authored_collision_test.gd:65" type="FAILURE">
<![CDATA[
the package visual must instance the validated GLB
	at 'test_collision_is_one_authored_box_not_the_mesh' in res://tests/cargo/package_authored_collision_test.gd:65
]]>
			</failure>
		</testcase>
		<testcase name="test_visual_mesh_fits_inside_the_collider" classname="package_authored_collision_test" time="0.006">
		</testcase>
	</testsuite>
</testsuites>
